<?xml version="1.0" encoding="UTF-8"?>
<!-- Generated by org.testng.reporters.JUnitReportReporter -->
<testsuite hostname="WPEYO4NXFHBLHOQ" name="com.appium.casesutie.RunTestCases" tests="2" failures="0" timestamp="24 Nov 2016 02:00:57 GMT" time="64.136" errors="0">
  <testcase name="runAllTestClass" time="30.351" classname="com.appium.casesutie.RunTestCases"/>
  <testcase name="runAllTestClass" time="33.785" classname="com.appium.casesutie.RunTestCases"/>
</testsuite> <!-- com.appium.casesutie.RunTestCases -->
