<?xml version="1.0" encoding="UTF-8"?>
<!-- Generated by org.testng.reporters.JUnitReportReporter -->
<testsuite hostname="WPEYO4NXFHBLHOQ" name="appiumtest.appiumtest.testdemo" tests="1" failures="0" timestamp="4 Aug 2016 02:09:27 GMT" time="0.010" errors="0">
  <testcase name="test_string" time="0.010" classname="appiumtest.appiumtest.testdemo"/>
</testsuite> <!-- appiumtest.appiumtest.testdemo -->
