<?xml version="1.0" encoding="UTF-8"?>
<!-- Generated by org.testng.reporters.JUnitReportReporter -->
<testsuite hostname="WPEYO4NXFHBLHOQ" name="com.appium.test.loginTest" tests="1" failures="0" timestamp="20 Sep 2016 06:02:14 GMT" time="18.368" errors="0">
  <testcase name="test_supplyCGD" time="18.368" classname="com.appium.test.loginTest"/>
</testsuite> <!-- com.appium.test.loginTest -->
