<?xml version="1.0" encoding="UTF-8"?>
<!-- Generated by org.testng.reporters.JUnitReportReporter -->
<testsuite hostname="WPEYO4NXFHBLHOQ" name="com.appium.test.testAppium" tests="1" failures="0" timestamp="18 Aug 2016 05:55:40 GMT" time="12.978" errors="0">
  <testcase name="testSum" time="12.978" classname="com.appium.test.testAppium"/>
</testsuite> <!-- com.appium.test.testAppium -->
