<?xml version="1.0" encoding="UTF-8"?>
<!-- Generated by org.testng.reporters.JUnitReportReporter -->
<testsuite hostname="WPEYO4NXFHBLHOQ" name="com.device.android.AndroidSdk" tests="1" failures="0" timestamp="30 Jul 2016 02:47:03 GMT" time="0.009" errors="0">
  <testcase name="test_string" time="0.009" classname="com.device.android.AndroidSdk"/>
</testsuite> <!-- com.device.android.AndroidSdk -->
