<?xml version="1.0" encoding="UTF-8"?>
<!-- Generated by org.testng.reporters.JUnitReportReporter -->
<testsuite hostname="WPEYO4NXFHBLHOQ" name="appiumtest.appiumtest.testAppium" tests="1" failures="0" timestamp="24 Aug 2016 07:56:36 GMT" time="33.228" errors="0">
  <testcase name="test_RKD" time="33.228" classname="appiumtest.appiumtest.testAppium"/>
</testsuite> <!-- appiumtest.appiumtest.testAppium -->
