<?xml version="1.0" encoding="UTF-8"?>
<!-- Generated by org.testng.reporters.JUnitReportReporter -->
<testsuite hostname="WPEYO4NXFHBLHOQ" name="com.appium.manager.AndroidDeviceConfiguration" tests="1" failures="0" timestamp="29 Jul 2016 02:19:53 GMT" time="30.521" errors="0">
  <testcase name="test_getDevices" time="30.521" classname="com.appium.manager.AndroidDeviceConfiguration"/>
</testsuite> <!-- com.appium.manager.AndroidDeviceConfiguration -->
