<?xml version="1.0" encoding="UTF-8"?>
<!-- Generated by org.testng.reporters.JUnitReportReporter -->
<testsuite hostname="WPEYO4NXFHBLHOQ" name="com.device.android.AndroidDevicesWrapper" tests="1" failures="0" timestamp="3 Aug 2016 01:49:30 GMT" time="4.250" errors="0">
  <testcase name="getDevicess" time="4.250" classname="com.device.android.AndroidDevicesWrapper"/>
</testsuite> <!-- com.device.android.AndroidDevicesWrapper -->
