<?xml version="1.0" encoding="UTF-8"?>
<!-- Generated by org.testng.reporters.JUnitReportReporter -->
<testsuite hostname="WPEYO4NXFHBLHOQ" name="com.appium.test.DeviceLogTest" tests="1" failures="0" timestamp="17 Aug 2016 06:31:40 GMT" time="0.358" errors="0">
  <testcase name="test_string" time="0.358" classname="com.appium.test.DeviceLogTest"/>
</testsuite> <!-- com.appium.test.DeviceLogTest -->
