<?xml version="1.0" encoding="UTF-8"?>
<!-- Generated by org.testng.reporters.JUnitReportReporter -->
<testsuite hostname="WPEYO4NXFHBLHOQ" name="com.appium.manager.TestExecutor" tests="1" failures="0" timestamp="29 Jul 2016 05:42:19 GMT" time="10.229" errors="0">
  <testcase name="test_getXML" time="10.229" classname="com.appium.manager.TestExecutor"/>
</testsuite> <!-- com.appium.manager.TestExecutor -->
