<?xml version="1.0" encoding="UTF-8"?>
<!-- Generated by org.testng.reporters.JUnitReportReporter -->
<testsuite hostname="WPEYO4NXFHBLHOQ" name="com.device.android.AndroidDebugBridgeWrapper" tests="1" failures="0" timestamp="30 Jul 2016 02:54:33 GMT" time="0.243" errors="0">
  <testcase name="getDevices" time="0.243" classname="com.device.android.AndroidDebugBridgeWrapper"/>
</testsuite> <!-- com.device.android.AndroidDebugBridgeWrapper -->
