<?xml version="1.0" encoding="UTF-8"?>
<!-- Generated by org.testng.reporters.JUnitReportReporter -->
<testsuite hostname="WPEYO4NXFHBLHOQ" name="com.appium.casesutie.RunTestCases" tests="1" failures="0" timestamp="9 Dec 2016 09:30:42 GMT" time="52.761" errors="0">
  <testcase name="runAllTestClass" time="52.761" classname="com.appium.casesutie.RunTestCases"/>
</testsuite> <!-- com.appium.casesutie.RunTestCases -->
