<?xml version="1.0" encoding="UTF-8"?>
<!-- Generated by org.testng.reporters.JUnitReportReporter -->
<testsuite hostname="WPEYO4NXFHBLHOQ" name="com.appium.manager.AppiumParallel" tests="1" failures="0" timestamp="29 Jul 2016 02:13:03 GMT" time="20.804" errors="0">
  <testcase name="test_appiumservice" time="20.804" classname="com.appium.manager.AppiumParallel"/>
</testsuite> <!-- com.appium.manager.AppiumParallel -->
