<?xml version="1.0" encoding="UTF-8"?>
<!-- Generated by org.testng.reporters.JUnitReportReporter -->
<testsuite hostname="WPEYO4NXFHBLHOQ" name="com.appium.test.TestngDemo" tests="1" failures="0" timestamp="27 Aug 2016 02:44:12 GMT" time="0.005" errors="0">
  <testcase name="test_invcount" time="0.005" classname="com.appium.test.TestngDemo"/>
</testsuite> <!-- com.appium.test.TestngDemo -->
