<?xml version="1.0" encoding="UTF-8"?>
<!-- Generated by org.testng.reporters.JUnitReportReporter -->
<testsuite hostname="WPEYO4NXFHBLHOQ" name="com.test.tools.AndroidDevicesConf" tests="1" failures="0" timestamp="29 Jul 2016 10:25:57 GMT" time="0.300" errors="0">
  <testcase name="takeDevices" time="0.300" classname="com.test.tools.AndroidDevicesConf"/>
</testsuite> <!-- com.test.tools.AndroidDevicesConf -->
