<?xml version="1.0" encoding="UTF-8"?>
<!-- Generated by org.testng.reporters.JUnitReportReporter -->
<testsuite hostname="WPEYO4NXFHBLHOQ" name="com.appium.test.StartAppiumTest" tests="1" failures="0" timestamp="17 Aug 2016 01:44:13 GMT" time="28.698" errors="0">
  <testcase name="testRunner" time="28.698" classname="com.appium.test.StartAppiumTest"/>
</testsuite> <!-- com.appium.test.StartAppiumTest -->
